app/build/outputs/logs/manifest-merger-debug-report.txt
-- Merging decision tree log ---
manifest
ADDED from mstp_shop_assistant\app\AndroidManifest.xml:2:1-435:12
	package
		ADDED from mstp_shop_assistant\app\AndroidManifest.xml:3:5-40
	android:versionName
		ADDED from mstp_shop_assistant\app\AndroidManifest.xml:5:5-32
		INJECTED from mstp_shop_assistant\app\AndroidManifest.xml
		INJECTED from mstp_shop_assistant\app\AndroidManifest.xml
	android:versionCode
		ADDED from mstp_shop_assistant\app\AndroidManifest.xml:4:5-29
		INJECTED from mstp_shop_assistant\app\AndroidManifest.xml
		INJECTED from mstp_shop_assistant\app\AndroidManifest.xml
	xmlns:android
		ADDED from mstp_shop_assistant\app\AndroidManifest.xml:2:11-69
uses-sdk
ADDED from mstp_shop_assistant\app\AndroidManifest.xml:7:5-9:41
MERGED from [com.android.support:multidex:1.0.1] AndroidManifest.xml:18:5-42
MERGED from [mstp_shop_assistant:datetimepicker-library:unspecified] AndroidManifest.xml:7:5-9:41
MERGED from [com.android.support:multidex:1.0.1] AndroidManifest.xml:18:5-42
MERGED from [com.android.support:support-v4:23.1.1] AndroidManifest.xml:20:5-43
MERGED from [mstp_shop_assistant:milaimerlib:unspecified] AndroidManifest.xml:7:5-9:41
MERGED from [com.android.support:multidex:1.0.1] AndroidManifest.xml:18:5-42
MERGED from [com.android.support:support-v4:23.1.1] AndroidManifest.xml:20:5-43
MERGED from [mstp_shop_assistant:qrlib:unspecified] AndroidManifest.xml:7:5-9:41
MERGED from [com.android.support:multidex:1.0.1] AndroidManifest.xml:18:5-42
MERGED from [com.android.support:support-v4:23.1.1] AndroidManifest.xml:20:5-43
MERGED from [com.android.support:support-v4:23.1.1] AndroidManifest.xml:20:5-43
	android:targetSdkVersion
		ADDED from mstp_shop_assistant\app\AndroidManifest.xml:9:9-38
		INJECTED from mstp_shop_assistant\app\AndroidManifest.xml
		INJECTED from mstp_shop_assistant\app\AndroidManifest.xml
	android:minSdkVersion
		ADDED from mstp_shop_assistant\app\AndroidManifest.xml:8:9-35
		INJECTED from mstp_shop_assistant\app\AndroidManifest.xml
		INJECTED from mstp_shop_assistant\app\AndroidManifest.xml
permission#com.meishipintu.assistant.permission.JPUSH_MESSAGE
ADDED from mstp_shop_assistant\app\AndroidManifest.xml:11:5-13:47
	android:protectionLevel
		ADDED from mstp_shop_assistant\app\AndroidManifest.xml:13:9-44
	android:name
		ADDED from mstp_shop_assistant\app\AndroidManifest.xml:12:9-74
uses-permission#android.permission.FLASHLIGHT
ADDED from mstp_shop_assistant\app\AndroidManifest.xml:15:5-69
	android:name
		ADDED from mstp_shop_assistant\app\AndroidManifest.xml:15:22-66
uses-permission#android.permission.RECEIVE_USER_PRESENT
ADDED from mstp_shop_assistant\app\AndroidManifest.xml:16:5-79
	android:name
		ADDED from mstp_shop_assistant\app\AndroidManifest.xml:16:22-76
uses-permission#android.permission.INTERNET
ADDED from mstp_shop_assistant\app\AndroidManifest.xml:17:5-67
	android:name
		ADDED from mstp_shop_assistant\app\AndroidManifest.xml:17:22-64
uses-permission#android.permission.ACCESS_FINE_LOCATION
ADDED from mstp_shop_assistant\app\AndroidManifest.xml:18:5-79
	android:name
		ADDED from mstp_shop_assistant\app\AndroidManifest.xml:18:22-76
uses-permission#android.permission.ACCESS_COARSE_LOCATION
ADDED from mstp_shop_assistant\app\AndroidManifest.xml:19:5-81
	android:name
		ADDED from mstp_shop_assistant\app\AndroidManifest.xml:19:22-78
uses-permission#android.permission.ACCESS_NETWORK_STATE
ADDED from mstp_shop_assistant\app\AndroidManifest.xml:20:5-79
	android:name
		ADDED from mstp_shop_assistant\app\AndroidManifest.xml:20:22-76
uses-permission#android.permission.ACCESS_WIFI_STATE
ADDED from mstp_shop_assistant\app\AndroidManifest.xml:21:5-76
MERGED from [mstp_shop_assistant:milaimerlib:unspecified] AndroidManifest.xml:11:5-76
	android:name
		ADDED from mstp_shop_assistant\app\AndroidManifest.xml:21:22-73
uses-permission#android.permission.READ_PHONE_STATE
ADDED from mstp_shop_assistant\app\AndroidManifest.xml:22:5-75
	android:name
		ADDED from mstp_shop_assistant\app\AndroidManifest.xml:22:22-72
uses-permission#android.permission.CHANGE_WIFI_STATE
ADDED from mstp_shop_assistant\app\AndroidManifest.xml:23:5-76
	android:name
		ADDED from mstp_shop_assistant\app\AndroidManifest.xml:23:22-73
uses-permission#android.permission.WRITE_EXTERNAL_STORAGE
ADDED from mstp_shop_assistant\app\AndroidManifest.xml:24:5-81
	android:name
		ADDED from mstp_shop_assistant\app\AndroidManifest.xml:24:22-78
uses-permission#android.permission.READ_EXTERNAL_STORAGE
ADDED from mstp_shop_assistant\app\AndroidManifest.xml:25:5-80
	android:name
		ADDED from mstp_shop_assistant\app\AndroidManifest.xml:25:22-77
uses-permission#android.permission.MOUNT_UNMOUNT_FILESYSTEMS
ADDED from mstp_shop_assistant\app\AndroidManifest.xml:26:5-84
	android:name
		ADDED from mstp_shop_assistant\app\AndroidManifest.xml:26:22-81
uses-permission#android.permission.SYSTEM_ALERT_WINDOW
ADDED from mstp_shop_assistant\app\AndroidManifest.xml:27:5-78
	android:name
		ADDED from mstp_shop_assistant\app\AndroidManifest.xml:27:22-75
uses-permission#com.meishipintu.assistant.permission.JPUSH_MESSAGE
ADDED from mstp_shop_assistant\app\AndroidManifest.xml:28:5-90
	android:name
		ADDED from mstp_shop_assistant\app\AndroidManifest.xml:28:22-87
uses-permission#android.permission.RECEIVE_BOOT_COMPLETED
ADDED from mstp_shop_assistant\app\AndroidManifest.xml:29:5-81
	android:name
		ADDED from mstp_shop_assistant\app\AndroidManifest.xml:29:22-78
uses-permission#android.permission.VIBRATE
ADDED from mstp_shop_assistant\app\AndroidManifest.xml:30:5-66
	android:name
		ADDED from mstp_shop_assistant\app\AndroidManifest.xml:30:22-63
uses-permission#android.permission.ACCESS_LOCATION_EXTRA_COMMANDS
ADDED from mstp_shop_assistant\app\AndroidManifest.xml:31:5-89
	android:name
		ADDED from mstp_shop_assistant\app\AndroidManifest.xml:31:22-86
uses-permission#android.permission.WAKE_LOCK
ADDED from mstp_shop_assistant\app\AndroidManifest.xml:32:5-68
	android:name
		ADDED from mstp_shop_assistant\app\AndroidManifest.xml:32:22-65
uses-permission#android.permission.CAMERA
ADDED from mstp_shop_assistant\app\AndroidManifest.xml:33:5-65
MERGED from [mstp_shop_assistant:milaimerlib:unspecified] AndroidManifest.xml:12:5-65
MERGED from [mstp_shop_assistant:qrlib:unspecified] AndroidManifest.xml:11:5-65
	android:name
		ADDED from mstp_shop_assistant\app\AndroidManifest.xml:33:22-62
uses-permission#android.permission.BLUETOOTH
ADDED from mstp_shop_assistant\app\AndroidManifest.xml:34:5-68
	android:name
		ADDED from mstp_shop_assistant\app\AndroidManifest.xml:34:22-65
uses-permission#android.permission.BLUETOOTH_ADMIN
ADDED from mstp_shop_assistant\app\AndroidManifest.xml:35:5-74
	android:name
		ADDED from mstp_shop_assistant\app\AndroidManifest.xml:35:22-71
uses-permission#android.permission.WRITE_SETTINGS
ADDED from mstp_shop_assistant\app\AndroidManifest.xml:36:5-73
	android:name
		ADDED from mstp_shop_assistant\app\AndroidManifest.xml:36:22-70
uses-permission#android.permission.CLOUDPOS_MID_PRINTER
ADDED from mstp_shop_assistant\app\AndroidManifest.xml:47:5-79
	android:name
		ADDED from mstp_shop_assistant\app\AndroidManifest.xml:47:22-76
uses-permission#android.permission.CLOUDPOS_MID_ICCARD
ADDED from mstp_shop_assistant\app\AndroidManifest.xml:49:5-78
	android:name
		ADDED from mstp_shop_assistant\app\AndroidManifest.xml:49:22-75
uses-permission#android.permission.CLOUDPOS_MID_RFCARD
ADDED from mstp_shop_assistant\app\AndroidManifest.xml:51:5-78
	android:name
		ADDED from mstp_shop_assistant\app\AndroidManifest.xml:51:22-75
uses-permission#android.permission.CLOUDPOS_MID_MAGCARD
ADDED from mstp_shop_assistant\app\AndroidManifest.xml:53:5-79
	android:name
		ADDED from mstp_shop_assistant\app\AndroidManifest.xml:53:22-76
uses-permission#android.permission.CLOUDPOS_MID_MAGCARD_GETTRACKDATA
ADDED from mstp_shop_assistant\app\AndroidManifest.xml:55:5-92
	android:name
		ADDED from mstp_shop_assistant\app\AndroidManifest.xml:55:22-89
uses-permission#android.permission.CLOUDPOS_MID_MAGCARD_GETENCRYPTTRACKDATA
ADDED from mstp_shop_assistant\app\AndroidManifest.xml:57:5-99
	android:name
		ADDED from mstp_shop_assistant\app\AndroidManifest.xml:57:22-96
uses-permission#android.permission.CLOUDPOS_MID_PSAMCARD
ADDED from mstp_shop_assistant\app\AndroidManifest.xml:59:5-80
	android:name
		ADDED from mstp_shop_assistant\app\AndroidManifest.xml:59:22-77
uses-permission#android.permission.CLOUDPOS_MID_SERIALPORT
ADDED from mstp_shop_assistant\app\AndroidManifest.xml:61:5-82
	android:name
		ADDED from mstp_shop_assistant\app\AndroidManifest.xml:61:22-79
uses-permission#android.permission.CLOUDPOS_MID_SYSTEMDEV
ADDED from mstp_shop_assistant\app\AndroidManifest.xml:63:5-81
	android:name
		ADDED from mstp_shop_assistant\app\AndroidManifest.xml:63:22-78
uses-feature#android.hardware.camera
ADDED from mstp_shop_assistant\app\AndroidManifest.xml:65:5-67:36
MERGED from [mstp_shop_assistant:milaimerlib:unspecified] AndroidManifest.xml:14:5-16:36
MERGED from [mstp_shop_assistant:qrlib:unspecified] AndroidManifest.xml:13:5-15:36
	android:required
		ADDED from mstp_shop_assistant\app\AndroidManifest.xml:67:9-33
	android:name
		ADDED from mstp_shop_assistant\app\AndroidManifest.xml:66:9-47
uses-feature#android.hardware.camera.front
ADDED from mstp_shop_assistant\app\AndroidManifest.xml:68:5-70:36
MERGED from [mstp_shop_assistant:milaimerlib:unspecified] AndroidManifest.xml:17:5-19:36
MERGED from [mstp_shop_assistant:qrlib:unspecified] AndroidManifest.xml:16:5-18:36
	android:required
		ADDED from mstp_shop_assistant\app\AndroidManifest.xml:70:9-33
	android:name
		ADDED from mstp_shop_assistant\app\AndroidManifest.xml:69:9-53
uses-feature#android.hardware.camera.autofocus
ADDED from mstp_shop_assistant\app\AndroidManifest.xml:71:5-73:36
MERGED from [mstp_shop_assistant:milaimerlib:unspecified] AndroidManifest.xml:20:5-22:36
MERGED from [mstp_shop_assistant:qrlib:unspecified] AndroidManifest.xml:19:5-21:36
	android:required
		ADDED from mstp_shop_assistant\app\AndroidManifest.xml:73:9-33
	android:name
		ADDED from mstp_shop_assistant\app\AndroidManifest.xml:72:9-57
uses-feature#android.hardware.camera.flash
ADDED from mstp_shop_assistant\app\AndroidManifest.xml:74:5-76:36
MERGED from [mstp_shop_assistant:milaimerlib:unspecified] AndroidManifest.xml:23:5-25:36
MERGED from [mstp_shop_assistant:qrlib:unspecified] AndroidManifest.xml:22:5-24:36
	android:required
		ADDED from mstp_shop_assistant\app\AndroidManifest.xml:76:9-33
	android:name
		ADDED from mstp_shop_assistant\app\AndroidManifest.xml:75:9-53
uses-feature#android.hardware.screen.landscape
ADDED from mstp_shop_assistant\app\AndroidManifest.xml:77:5-70
MERGED from [mstp_shop_assistant:milaimerlib:unspecified] AndroidManifest.xml:26:5-70
MERGED from [mstp_shop_assistant:qrlib:unspecified] AndroidManifest.xml:25:5-70
	android:name
		ADDED from mstp_shop_assistant\app\AndroidManifest.xml:77:19-67
uses-feature#android.hardware.wifi
ADDED from mstp_shop_assistant\app\AndroidManifest.xml:78:5-80:36
MERGED from [mstp_shop_assistant:milaimerlib:unspecified] AndroidManifest.xml:27:5-29:36
MERGED from [mstp_shop_assistant:qrlib:unspecified] AndroidManifest.xml:26:5-28:36
	android:required
		ADDED from mstp_shop_assistant\app\AndroidManifest.xml:80:9-33
	android:name
		ADDED from mstp_shop_assistant\app\AndroidManifest.xml:79:9-45
uses-feature#android.hardware.touchscreen
ADDED from mstp_shop_assistant\app\AndroidManifest.xml:81:5-83:36
MERGED from [mstp_shop_assistant:milaimerlib:unspecified] AndroidManifest.xml:30:5-32:36
MERGED from [mstp_shop_assistant:qrlib:unspecified] AndroidManifest.xml:29:5-31:36
	android:required
		ADDED from mstp_shop_assistant\app\AndroidManifest.xml:83:9-33
	android:name
		ADDED from mstp_shop_assistant\app\AndroidManifest.xml:82:9-52
supports-screens
ADDED from mstp_shop_assistant\app\AndroidManifest.xml:85:5-90:39
	android:largeScreens
		ADDED from mstp_shop_assistant\app\AndroidManifest.xml:87:9-36
	android:smallScreens
		ADDED from mstp_shop_assistant\app\AndroidManifest.xml:90:9-36
	android:normalScreens
		ADDED from mstp_shop_assistant\app\AndroidManifest.xml:88:9-37
	android:resizeable
		ADDED from mstp_shop_assistant\app\AndroidManifest.xml:89:9-34
	android:anyDensity
		ADDED from mstp_shop_assistant\app\AndroidManifest.xml:86:9-34
application
ADDED from mstp_shop_assistant\app\AndroidManifest.xml:92:5-433:19
MERGED from [mstp_shop_assistant:datetimepicker-library:unspecified] AndroidManifest.xml:11:5-20
MERGED from [com.android.support:support-v4:23.1.1] AndroidManifest.xml:22:5-20
MERGED from [com.android.support:support-v4:23.1.1] AndroidManifest.xml:22:5-20
MERGED from [mstp_shop_assistant:qrlib:unspecified] AndroidManifest.xml:33:5-44:19
MERGED from [com.android.support:support-v4:23.1.1] AndroidManifest.xml:22:5-20
MERGED from [com.android.support:support-v4:23.1.1] AndroidManifest.xml:22:5-20
	android:label
		ADDED from mstp_shop_assistant\app\AndroidManifest.xml:96:9-41
	android:launchMode
		ADDED from mstp_shop_assistant\app\AndroidManifest.xml:97:9-39
	android:allowBackup
		ADDED from mstp_shop_assistant\app\AndroidManifest.xml:94:9-35
	android:icon
		ADDED from mstp_shop_assistant\app\AndroidManifest.xml:95:9-41
	android:theme
		ADDED from mstp_shop_assistant\app\AndroidManifest.xml:98:9-40
	android:name
		ADDED from mstp_shop_assistant\app\AndroidManifest.xml:93:9-44
provider#com.milai.model.MsptProvider
ADDED from mstp_shop_assistant\app\AndroidManifest.xml:99:9-101:63
	android:authorities
		ADDED from mstp_shop_assistant\app\AndroidManifest.xml:101:13-60
	android:name
		ADDED from mstp_shop_assistant\app\AndroidManifest.xml:100:13-56
activity#com.meishipintu.assistant.ui.ActStartPage
ADDED from mstp_shop_assistant\app\AndroidManifest.xml:103:9-113:20
	android:screenOrientation
		ADDED from mstp_shop_assistant\app\AndroidManifest.xml:106:13-49
	android:label
		ADDED from mstp_shop_assistant\app\AndroidManifest.xml:105:13-45
	android:theme
		ADDED from mstp_shop_assistant\app\AndroidManifest.xml:107:13-60
	android:name
		ADDED from mstp_shop_assistant\app\AndroidManifest.xml:104:13-44
intent-filter#android.intent.action.MAIN+android.intent.category.LAUNCHER
ADDED from mstp_shop_assistant\app\AndroidManifest.xml:108:13-112:29
action#android.intent.action.MAIN
ADDED from mstp_shop_assistant\app\AndroidManifest.xml:109:17-69
	android:name
		ADDED from mstp_shop_assistant\app\AndroidManifest.xml:109:25-66
category#android.intent.category.LAUNCHER
ADDED from mstp_shop_assistant\app\AndroidManifest.xml:111:17-77
	android:name
		ADDED from mstp_shop_assistant\app\AndroidManifest.xml:111:27-74
activity#com.meishipintu.assistant.ui.pay.PrintActivity
ADDED from mstp_shop_assistant\app\AndroidManifest.xml:114:9-117:69
	android:screenOrientation
		ADDED from mstp_shop_assistant\app\AndroidManifest.xml:116:13-49
	android:theme
		ADDED from mstp_shop_assistant\app\AndroidManifest.xml:117:13-66
	android:name
		ADDED from mstp_shop_assistant\app\AndroidManifest.xml:115:13-49
activity#com.meishipintu.assistant.ui.MainActivity
ADDED from mstp_shop_assistant\app\AndroidManifest.xml:118:9-121:69
	android:screenOrientation
		ADDED from mstp_shop_assistant\app\AndroidManifest.xml:120:13-49
	android:theme
		ADDED from mstp_shop_assistant\app\AndroidManifest.xml:121:13-66
	android:name
		ADDED from mstp_shop_assistant\app\AndroidManifest.xml:119:13-44
activity#com.meishipintu.assistant.ui.ActShopCheckIn
ADDED from mstp_shop_assistant\app\AndroidManifest.xml:122:9-125:69
	android:screenOrientation
		ADDED from mstp_shop_assistant\app\AndroidManifest.xml:124:13-49
	android:theme
		ADDED from mstp_shop_assistant\app\AndroidManifest.xml:125:13-66
	android:name
		ADDED from mstp_shop_assistant\app\AndroidManifest.xml:123:13-46
activity#com.meishipintu.core.ui.ActGuide
ADDED from mstp_shop_assistant\app\AndroidManifest.xml:126:9-130:63
	android:screenOrientation
		ADDED from mstp_shop_assistant\app\AndroidManifest.xml:128:13-49
	android:windowSoftInputMode
		ADDED from mstp_shop_assistant\app\AndroidManifest.xml:130:13-60
	android:theme
		ADDED from mstp_shop_assistant\app\AndroidManifest.xml:129:13-66
	android:name
		ADDED from mstp_shop_assistant\app\AndroidManifest.xml:127:13-60
activity#com.meishipintu.core.ui.ActAboutUs
ADDED from mstp_shop_assistant\app\AndroidManifest.xml:131:9-134:69
	android:screenOrientation
		ADDED from mstp_shop_assistant\app\AndroidManifest.xml:133:13-49
	android:theme
		ADDED from mstp_shop_assistant\app\AndroidManifest.xml:134:13-66
	android:name
		ADDED from mstp_shop_assistant\app\AndroidManifest.xml:132:13-62
activity#com.meishipintu.core.ui.ActShopContactUs
ADDED from mstp_shop_assistant\app\AndroidManifest.xml:135:9-139:57
	android:screenOrientation
		ADDED from mstp_shop_assistant\app\AndroidManifest.xml:137:13-49
	android:windowSoftInputMode
		ADDED from mstp_shop_assistant\app\AndroidManifest.xml:139:13-54
	android:theme
		ADDED from mstp_shop_assistant\app\AndroidManifest.xml:138:13-66
	android:name
		ADDED from mstp_shop_assistant\app\AndroidManifest.xml:136:13-68
activity#com.meishipintu.core.ui.ActSvcContract
ADDED from mstp_shop_assistant\app\AndroidManifest.xml:140:9-143:69
	android:screenOrientation
		ADDED from mstp_shop_assistant\app\AndroidManifest.xml:142:13-49
	android:theme
		ADDED from mstp_shop_assistant\app\AndroidManifest.xml:143:13-66
	android:name
		ADDED from mstp_shop_assistant\app\AndroidManifest.xml:141:13-66
activity#com.meishipintu.core.ui.ActCitySel
ADDED from mstp_shop_assistant\app\AndroidManifest.xml:144:9-147:69
	android:screenOrientation
		ADDED from mstp_shop_assistant\app\AndroidManifest.xml:146:13-49
	android:theme
		ADDED from mstp_shop_assistant\app\AndroidManifest.xml:147:13-66
	android:name
		ADDED from mstp_shop_assistant\app\AndroidManifest.xml:145:13-62
activity#com.meishipintu.core.ui.ActWebView
ADDED from mstp_shop_assistant\app\AndroidManifest.xml:148:9-151:69
	android:screenOrientation
		ADDED from mstp_shop_assistant\app\AndroidManifest.xml:150:13-49
	android:theme
		ADDED from mstp_shop_assistant\app\AndroidManifest.xml:151:13-66
	android:name
		ADDED from mstp_shop_assistant\app\AndroidManifest.xml:149:13-62
activity#com.meishipintu.assistant.ui.ActSetting
ADDED from mstp_shop_assistant\app\AndroidManifest.xml:152:9-155:69
	android:screenOrientation
		ADDED from mstp_shop_assistant\app\AndroidManifest.xml:154:13-49
	android:theme
		ADDED from mstp_shop_assistant\app\AndroidManifest.xml:155:13-66
	android:name
		ADDED from mstp_shop_assistant\app\AndroidManifest.xml:153:13-42
activity#com.meishipintu.assistant.ui.ActVipCenter
ADDED from mstp_shop_assistant\app\AndroidManifest.xml:156:9-159:69
	android:screenOrientation
		ADDED from mstp_shop_assistant\app\AndroidManifest.xml:158:13-49
	android:theme
		ADDED from mstp_shop_assistant\app\AndroidManifest.xml:159:13-66
	android:name
		ADDED from mstp_shop_assistant\app\AndroidManifest.xml:157:13-44
activity#com.meishipintu.assistant.ui.auth.ActLogin
ADDED from mstp_shop_assistant\app\AndroidManifest.xml:160:9-163:69
	android:screenOrientation
		ADDED from mstp_shop_assistant\app\AndroidManifest.xml:162:13-49
	android:theme
		ADDED from mstp_shop_assistant\app\AndroidManifest.xml:163:13-66
	android:name
		ADDED from mstp_shop_assistant\app\AndroidManifest.xml:161:13-45
activity#com.meishipintu.assistant.ui.auth.ActReg
ADDED from mstp_shop_assistant\app\AndroidManifest.xml:164:9-167:69
	android:screenOrientation
		ADDED from mstp_shop_assistant\app\AndroidManifest.xml:166:13-49
	android:theme
		ADDED from mstp_shop_assistant\app\AndroidManifest.xml:167:13-66
	android:name
		ADDED from mstp_shop_assistant\app\AndroidManifest.xml:165:13-43
activity#com.meishipintu.assistant.ui.auth.ActForgotPwd
ADDED from mstp_shop_assistant\app\AndroidManifest.xml:168:9-171:69
	android:screenOrientation
		ADDED from mstp_shop_assistant\app\AndroidManifest.xml:170:13-49
	android:theme
		ADDED from mstp_shop_assistant\app\AndroidManifest.xml:171:13-66
	android:name
		ADDED from mstp_shop_assistant\app\AndroidManifest.xml:169:13-49
activity#com.meishipintu.assistant.ui.auth.ActChangePwd
ADDED from mstp_shop_assistant\app\AndroidManifest.xml:172:9-175:69
	android:screenOrientation
		ADDED from mstp_shop_assistant\app\AndroidManifest.xml:174:13-49
	android:theme
		ADDED from mstp_shop_assistant\app\AndroidManifest.xml:175:13-66
	android:name
		ADDED from mstp_shop_assistant\app\AndroidManifest.xml:173:13-49
activity#com.meishipintu.assistant.ui.auth.ActBindShop
ADDED from mstp_shop_assistant\app\AndroidManifest.xml:176:9-179:69
	android:screenOrientation
		ADDED from mstp_shop_assistant\app\AndroidManifest.xml:178:13-49
	android:theme
		ADDED from mstp_shop_assistant\app\AndroidManifest.xml:179:13-66
	android:name
		ADDED from mstp_shop_assistant\app\AndroidManifest.xml:177:13-48
activity#com.meishipintu.assistant.orderdish.ActDishTicket
ADDED from mstp_shop_assistant\app\AndroidManifest.xml:188:9-191:69
	android:screenOrientation
		ADDED from mstp_shop_assistant\app\AndroidManifest.xml:190:13-49
	android:theme
		ADDED from mstp_shop_assistant\app\AndroidManifest.xml:191:13-66
	android:name
		ADDED from mstp_shop_assistant\app\AndroidManifest.xml:189:13-52
activity#com.meishipintu.assistant.orderdish.ActLoadMenuErr
ADDED from mstp_shop_assistant\app\AndroidManifest.xml:196:9-199:69
	android:screenOrientation
		ADDED from mstp_shop_assistant\app\AndroidManifest.xml:198:13-49
	android:theme
		ADDED from mstp_shop_assistant\app\AndroidManifest.xml:199:13-66
	android:name
		ADDED from mstp_shop_assistant\app\AndroidManifest.xml:197:13-53
activity#com.meishipintu.assistant.orderdish.ActOrderdish
ADDED from mstp_shop_assistant\app\AndroidManifest.xml:200:9-203:69
	android:screenOrientation
		ADDED from mstp_shop_assistant\app\AndroidManifest.xml:202:13-49
	android:theme
		ADDED from mstp_shop_assistant\app\AndroidManifest.xml:203:13-66
	android:name
		ADDED from mstp_shop_assistant\app\AndroidManifest.xml:201:13-51
activity#com.meishipintu.assistant.orderdish.ActSearchDish
ADDED from mstp_shop_assistant\app\AndroidManifest.xml:204:9-207:69
	android:screenOrientation
		ADDED from mstp_shop_assistant\app\AndroidManifest.xml:206:13-49
	android:theme
		ADDED from mstp_shop_assistant\app\AndroidManifest.xml:207:13-66
	android:name
		ADDED from mstp_shop_assistant\app\AndroidManifest.xml:205:13-52
activity#com.meishipintu.assistant.orderdish.ActSubmittedTicket
ADDED from mstp_shop_assistant\app\AndroidManifest.xml:208:9-211:69
	android:screenOrientation
		ADDED from mstp_shop_assistant\app\AndroidManifest.xml:210:13-49
	android:theme
		ADDED from mstp_shop_assistant\app\AndroidManifest.xml:211:13-66
	android:name
		ADDED from mstp_shop_assistant\app\AndroidManifest.xml:209:13-57
activity#com.meishipintu.assistant.orderdish.ActSelectTable
ADDED from mstp_shop_assistant\app\AndroidManifest.xml:212:9-215:69
	android:screenOrientation
		ADDED from mstp_shop_assistant\app\AndroidManifest.xml:214:13-49
	android:theme
		ADDED from mstp_shop_assistant\app\AndroidManifest.xml:215:13-66
	android:name
		ADDED from mstp_shop_assistant\app\AndroidManifest.xml:213:13-53
activity#com.meishipintu.assistant.orderdish.ActCaptureTicket
ADDED from mstp_shop_assistant\app\AndroidManifest.xml:216:9-219:69
	android:screenOrientation
		ADDED from mstp_shop_assistant\app\AndroidManifest.xml:218:13-49
	android:theme
		ADDED from mstp_shop_assistant\app\AndroidManifest.xml:219:13-66
	android:name
		ADDED from mstp_shop_assistant\app\AndroidManifest.xml:217:13-55
activity#com.meishipintu.assistant.ui.pay.ActNewPayment
ADDED from mstp_shop_assistant\app\AndroidManifest.xml:224:9-231:20
	android:screenOrientation
		ADDED from mstp_shop_assistant\app\AndroidManifest.xml:226:13-49
	android:theme
		ADDED from mstp_shop_assistant\app\AndroidManifest.xml:227:13-66
	android:name
		ADDED from mstp_shop_assistant\app\AndroidManifest.xml:225:13-49
intent-filter#android.intent.action.printdev
ADDED from mstp_shop_assistant\app\AndroidManifest.xml:228:13-230:29
action#android.intent.action.printdev
ADDED from mstp_shop_assistant\app\AndroidManifest.xml:229:17-73
	android:name
		ADDED from mstp_shop_assistant\app\AndroidManifest.xml:229:25-70
activity#com.meishipintu.assistant.ui.pay.ActPaymentDetail
ADDED from mstp_shop_assistant\app\AndroidManifest.xml:232:9-235:69
	android:screenOrientation
		ADDED from mstp_shop_assistant\app\AndroidManifest.xml:234:13-49
	android:theme
		ADDED from mstp_shop_assistant\app\AndroidManifest.xml:235:13-66
	android:name
		ADDED from mstp_shop_assistant\app\AndroidManifest.xml:233:13-52
activity#com.meishipintu.assistant.ui.pay.ActPayQRCode
ADDED from mstp_shop_assistant\app\AndroidManifest.xml:236:9-239:69
	android:screenOrientation
		ADDED from mstp_shop_assistant\app\AndroidManifest.xml:238:13-49
	android:theme
		ADDED from mstp_shop_assistant\app\AndroidManifest.xml:239:13-66
	android:name
		ADDED from mstp_shop_assistant\app\AndroidManifest.xml:237:13-48
activity#com.meishipintu.assistant.ui.pay.ActPayment
ADDED from mstp_shop_assistant\app\AndroidManifest.xml:244:9-247:69
	android:screenOrientation
		ADDED from mstp_shop_assistant\app\AndroidManifest.xml:246:13-49
	android:theme
		ADDED from mstp_shop_assistant\app\AndroidManifest.xml:247:13-66
	android:name
		ADDED from mstp_shop_assistant\app\AndroidManifest.xml:245:13-46
activity#com.meishipintu.assistant.ui.pay.ActTeamList
ADDED from mstp_shop_assistant\app\AndroidManifest.xml:248:9-251:69
	android:screenOrientation
		ADDED from mstp_shop_assistant\app\AndroidManifest.xml:250:13-49
	android:theme
		ADDED from mstp_shop_assistant\app\AndroidManifest.xml:251:13-66
	android:name
		ADDED from mstp_shop_assistant\app\AndroidManifest.xml:249:13-47
activity#com.meishipintu.assistant.mpos.ActMPosSetting
ADDED from mstp_shop_assistant\app\AndroidManifest.xml:252:9-255:69
	android:screenOrientation
		ADDED from mstp_shop_assistant\app\AndroidManifest.xml:254:13-49
	android:theme
		ADDED from mstp_shop_assistant\app\AndroidManifest.xml:255:13-66
	android:name
		ADDED from mstp_shop_assistant\app\AndroidManifest.xml:253:13-48
activity#com.meishipintu.assistant.mpos.ActBluetoothConfig
ADDED from mstp_shop_assistant\app\AndroidManifest.xml:256:9-259:69
	android:screenOrientation
		ADDED from mstp_shop_assistant\app\AndroidManifest.xml:258:13-49
	android:theme
		ADDED from mstp_shop_assistant\app\AndroidManifest.xml:259:13-66
	android:name
		ADDED from mstp_shop_assistant\app\AndroidManifest.xml:257:13-52
activity#com.meishipintu.assistant.ui.pay.ChooseAcountActivity
ADDED from mstp_shop_assistant\app\AndroidManifest.xml:260:9-263:69
	android:screenOrientation
		ADDED from mstp_shop_assistant\app\AndroidManifest.xml:262:13-49
	android:theme
		ADDED from mstp_shop_assistant\app\AndroidManifest.xml:263:13-66
	android:name
		ADDED from mstp_shop_assistant\app\AndroidManifest.xml:261:13-56
activity#com.meishipintu.assistant.ui.pay.ChoosePaywayActivity
ADDED from mstp_shop_assistant\app\AndroidManifest.xml:264:9-267:69
	android:screenOrientation
		ADDED from mstp_shop_assistant\app\AndroidManifest.xml:266:13-49
	android:theme
		ADDED from mstp_shop_assistant\app\AndroidManifest.xml:267:13-66
	android:name
		ADDED from mstp_shop_assistant\app\AndroidManifest.xml:265:13-56
activity#com.meishipintu.assistant.ui.pay.TransactionSummaryActivity
ADDED from mstp_shop_assistant\app\AndroidManifest.xml:268:9-271:69
	android:screenOrientation
		ADDED from mstp_shop_assistant\app\AndroidManifest.xml:270:13-49
	android:theme
		ADDED from mstp_shop_assistant\app\AndroidManifest.xml:271:13-66
	android:name
		ADDED from mstp_shop_assistant\app\AndroidManifest.xml:269:13-62
activity#com.umeng.fb.ConversationActivity
ADDED from mstp_shop_assistant\app\AndroidManifest.xml:272:9-275:69
	android:screenOrientation
		ADDED from mstp_shop_assistant\app\AndroidManifest.xml:274:13-49
	android:theme
		ADDED from mstp_shop_assistant\app\AndroidManifest.xml:275:13-66
	android:name
		ADDED from mstp_shop_assistant\app\AndroidManifest.xml:273:13-61
activity#com.umeng.fb.ContactActivity
ADDED from mstp_shop_assistant\app\AndroidManifest.xml:276:9-279:69
	android:screenOrientation
		ADDED from mstp_shop_assistant\app\AndroidManifest.xml:278:13-49
	android:theme
		ADDED from mstp_shop_assistant\app\AndroidManifest.xml:279:13-66
	android:name
		ADDED from mstp_shop_assistant\app\AndroidManifest.xml:277:13-56
activity#com.meishipintu.assistant.ui.pay.ActChooseDate
ADDED from mstp_shop_assistant\app\AndroidManifest.xml:280:9-283:69
	android:screenOrientation
		ADDED from mstp_shop_assistant\app\AndroidManifest.xml:282:13-49
	android:theme
		ADDED from mstp_shop_assistant\app\AndroidManifest.xml:283:13-66
	android:name
		ADDED from mstp_shop_assistant\app\AndroidManifest.xml:281:13-49
activity#com.meishipintu.assistant.ui.RegisterActivity
ADDED from mstp_shop_assistant\app\AndroidManifest.xml:284:9-285:68
	android:theme
		ADDED from mstp_shop_assistant\app\AndroidManifest.xml:285:13-66
	android:name
		ADDED from mstp_shop_assistant\app\AndroidManifest.xml:284:19-54
service#com.umeng.update.net.DownloadingService
ADDED from mstp_shop_assistant\app\AndroidManifest.xml:287:9-289:61
	android:process
		ADDED from mstp_shop_assistant\app\AndroidManifest.xml:289:13-50
	android:name
		ADDED from mstp_shop_assistant\app\AndroidManifest.xml:288:13-67
service#com.meishipintu.assistant.ui.pay.PaidFailedService
ADDED from mstp_shop_assistant\app\AndroidManifest.xml:292:9-298:19
	android:process
		ADDED from mstp_shop_assistant\app\AndroidManifest.xml:294:13-54
	android:name
		ADDED from mstp_shop_assistant\app\AndroidManifest.xml:293:13-53
intent-filter#com.meishipintu.assistant.ui.pay.PaidFailedService
ADDED from mstp_shop_assistant\app\AndroidManifest.xml:295:13-297:29
action#com.meishipintu.assistant.ui.pay.PaidFailedService
ADDED from mstp_shop_assistant\app\AndroidManifest.xml:296:17-93
	android:name
		ADDED from mstp_shop_assistant\app\AndroidManifest.xml:296:25-90
activity#com.umeng.update.UpdateDialogActivity